opencv452/build/intermediates/manifest_merge_blame_file/debug/manifest-merger-blame-debug-report.txt
1<?xml version="1.0" encoding="utf-8"?>
2<manifest xmlns:android="http://schemas.android.com/apk/res/android"
3    package="org.opencv" >
4
5    <uses-sdk
6        android:minSdkVersion="24"
6-->newcar2022\opencv452\AndroidManifest.xml
7        android:targetSdkVersion="31" />
7-->newcar2022\opencv452\AndroidManifest.xml
8
9</manifest>